<?xml version="1.0" encoding="UTF-8"?>
<testsuite failures="0" tests="1" errors="0" name="Ixia" skip="0">
<testcase classname="Ixia" name="FuncTest_TC3_CN_paging" time="466">
</testcase>
</testsuite>
